[25-Apr-2026 17:41:50] NOTICE: fpm is running, pid 9181
[25-Apr-2026 17:41:50] NOTICE: ready to handle connections
[25-Apr-2026 19:46:15] NOTICE: Terminating ...
[25-Apr-2026 19:46:15] NOTICE: Terminating ...
[25-Apr-2026 19:46:15] NOTICE: exiting, bye-bye!
[29-Apr-2026 15:11:09] NOTICE: fpm is running, pid 27651
[29-Apr-2026 15:11:09] NOTICE: ready to handle connections
[29-Apr-2026 15:50:44] NOTICE: Terminating ...
[29-Apr-2026 15:50:44] NOTICE: Terminating ...
[29-Apr-2026 15:50:44] NOTICE: exiting, bye-bye!
[29-Apr-2026 16:35:16] NOTICE: fpm is running, pid 32661
[29-Apr-2026 16:35:16] NOTICE: ready to handle connections
[29-Apr-2026 18:12:44] NOTICE: Terminating ...
[29-Apr-2026 18:12:44] NOTICE: exiting, bye-bye!
[30-Apr-2026 10:23:06] NOTICE: fpm is running, pid 4867
[30-Apr-2026 10:23:06] NOTICE: ready to handle connections
[30-Apr-2026 10:40:14] NOTICE: Terminating ...
[30-Apr-2026 10:40:14] NOTICE: exiting, bye-bye!
[30-Apr-2026 10:40:15] NOTICE: fpm is running, pid 5702
[30-Apr-2026 10:40:15] NOTICE: ready to handle connections
[30-Apr-2026 10:42:55] NOTICE: Terminating ...
[30-Apr-2026 10:42:55] NOTICE: Terminating ...
[30-Apr-2026 10:42:55] NOTICE: exiting, bye-bye!
[30-Apr-2026 10:42:57] NOTICE: fpm is running, pid 6146
[30-Apr-2026 10:42:57] NOTICE: ready to handle connections
[30-Apr-2026 10:59:35] NOTICE: Terminating ...
[30-Apr-2026 10:59:35] NOTICE: Terminating ...
[30-Apr-2026 10:59:35] NOTICE: exiting, bye-bye!
[30-Apr-2026 10:59:38] NOTICE: fpm is running, pid 6484
[30-Apr-2026 10:59:38] NOTICE: ready to handle connections
[30-Apr-2026 12:58:27] NOTICE: Terminating ...
[30-Apr-2026 12:58:27] NOTICE: exiting, bye-bye!
[30-Apr-2026 14:34:30] NOTICE: fpm is running, pid 8130
[30-Apr-2026 14:34:30] NOTICE: ready to handle connections
[30-Apr-2026 15:43:21] NOTICE: Terminating ...
[30-Apr-2026 15:43:21] NOTICE: exiting, bye-bye!
[30-Apr-2026 17:39:36] NOTICE: fpm is running, pid 4991
[30-Apr-2026 17:39:36] NOTICE: ready to handle connections
[30-Apr-2026 17:43:01] NOTICE: Terminating ...
[30-Apr-2026 17:43:01] NOTICE: exiting, bye-bye!
[30-Apr-2026 20:31:50] NOTICE: fpm is running, pid 7689
[30-Apr-2026 20:31:50] NOTICE: ready to handle connections
[30-Apr-2026 20:40:12] NOTICE: Terminating ...
[30-Apr-2026 20:40:12] NOTICE: Terminating ...
[30-Apr-2026 20:40:12] NOTICE: exiting, bye-bye!
[30-Apr-2026 20:40:14] NOTICE: fpm is running, pid 8194
[30-Apr-2026 20:40:14] NOTICE: ready to handle connections
[30-Apr-2026 20:41:47] NOTICE: Terminating ...
[30-Apr-2026 20:41:47] NOTICE: Terminating ...
[30-Apr-2026 20:41:47] NOTICE: exiting, bye-bye!
[30-Apr-2026 20:41:48] NOTICE: fpm is running, pid 8298
[30-Apr-2026 20:41:48] NOTICE: ready to handle connections
[30-Apr-2026 21:17:59] NOTICE: Terminating ...
[30-Apr-2026 21:17:59] NOTICE: Terminating ...
[30-Apr-2026 21:17:59] NOTICE: Terminating ...
[30-Apr-2026 21:17:59] NOTICE: exiting, bye-bye!
[03-May-2026 16:58:11] NOTICE: fpm is running, pid 15969
[03-May-2026 16:58:11] NOTICE: ready to handle connections
[03-May-2026 21:08:01] NOTICE: Terminating ...
[03-May-2026 21:08:01] NOTICE: exiting, bye-bye!
[05-May-2026 14:07:38] NOTICE: fpm is running, pid 12689
[05-May-2026 14:07:38] NOTICE: ready to handle connections
